<?xml version="1.0" encoding="UTF-8"?>
<coverage generated="1747285746263" clover="3.2.0">
  <project timestamp="1747285746263" name="All files">
    <metrics statements="68" coveredstatements="65" conditionals="28" coveredconditionals="19" methods="20" coveredmethods="19" elements="116" coveredelements="103" complexity="0" loc="68" ncloc="68" packages="1" files="1" classes="1"/>
    <file name="routeManagementService.js" path="D:\Python\Scripts\data_processing\TourAI\TourGuideAI\server\services\routeManagementService.js">
      <metrics statements="68" coveredstatements="65" conditionals="28" coveredconditionals="19" methods="20" coveredmethods="19"/>
      <line num="1" count="1" type="stmt"/>
      <line num="2" count="1" type="stmt"/>
      <line num="3" count="1" type="stmt"/>
      <line num="8" count="1" type="stmt"/>
      <line num="15" count="5" type="stmt"/>
      <line num="16" count="5" type="cond" truecount="2" falsecount="0"/>
      <line num="17" count="1" type="stmt"/>
      <line num="19" count="4" type="stmt"/>
      <line num="28" count="3" type="stmt"/>
      <line num="37" count="1" type="stmt"/>
      <line num="38" count="2" type="stmt"/>
      <line num="48" count="1" type="stmt"/>
      <line num="55" count="1" type="stmt"/>
      <line num="56" count="1" type="stmt"/>
      <line num="68" count="2" type="cond" truecount="2" falsecount="0"/>
      <line num="69" count="1" type="stmt"/>
      <line num="70" count="1" type="cond" truecount="1" falsecount="1"/>
      <line num="71" count="1" type="stmt"/>
      <line num="75" count="1" type="stmt"/>
      <line num="92" count="1" type="stmt"/>
      <line num="95" count="1" type="cond" truecount="1" falsecount="1"/>
      <line num="96" count="0" type="stmt"/>
      <line num="99" count="1" type="stmt"/>
      <line num="100" count="1" type="stmt"/>
      <line num="102" count="1" type="stmt"/>
      <line num="112" count="1" type="stmt"/>
      <line num="126" count="1" type="stmt"/>
      <line num="140" count="1" type="stmt"/>
      <line num="142" count="1" type="stmt"/>
      <line num="159" count="1" type="stmt"/>
      <line num="162" count="1" type="stmt"/>
      <line num="171" count="1" type="stmt"/>
      <line num="172" count="1" type="stmt"/>
      <line num="173" count="1" type="stmt"/>
      <line num="183" count="1" type="stmt"/>
      <line num="184" count="1" type="cond" truecount="2" falsecount="0"/>
      <line num="185" count="1" type="stmt"/>
      <line num="187" count="1" type="stmt"/>
      <line num="196" count="1" type="stmt"/>
      <line num="208" count="1" type="stmt"/>
      <line num="210" count="1" type="cond" truecount="3" falsecount="1"/>
      <line num="211" count="0" type="stmt"/>
      <line num="214" count="1" type="stmt"/>
      <line num="223" count="1" type="stmt"/>
      <line num="226" count="1" type="stmt"/>
      <line num="227" count="2" type="stmt"/>
      <line num="228" count="2" type="stmt"/>
      <line num="231" count="1" type="stmt"/>
      <line num="232" count="1" type="stmt"/>
      <line num="234" count="1" type="stmt"/>
      <line num="235" count="2" type="cond" truecount="1" falsecount="1"/>
      <line num="237" count="2" type="cond" truecount="1" falsecount="1"/>
      <line num="238" count="2" type="stmt"/>
      <line num="240" count="2" type="stmt"/>
      <line num="243" count="2" type="stmt"/>
      <line num="244" count="2" type="cond" truecount="1" falsecount="1"/>
      <line num="245" count="2" type="stmt"/>
      <line num="246" count="2" type="cond" truecount="2" falsecount="0"/>
      <line num="247" count="1" type="stmt"/>
      <line num="249" count="2" type="stmt"/>
      <line num="255" count="1" type="stmt"/>
      <line num="256" count="2" type="cond" truecount="1" falsecount="1"/>
      <line num="258" count="1" type="cond" truecount="1" falsecount="1"/>
      <line num="261" count="1" type="cond" truecount="1" falsecount="1"/>
      <line num="262" count="0" type="stmt"/>
      <line num="263" count="1" type="stmt"/>
      <line num="265" count="1" type="stmt"/>
      <line num="276" count="1" type="stmt"/>
    </file>
  </project>
</coverage>
