TN:
SF:server.js
FN:58,(anonymous_0)
FN:63,(anonymous_1)
FN:67,(anonymous_2)
FN:97,(anonymous_3)
FN:138,(anonymous_4)
FN:153,(anonymous_5)
FN:163,(anonymous_6)
FN:172,(anonymous_7)
FN:195,(anonymous_8)
FN:200,(anonymous_9)
FN:219,(anonymous_10)
FN:246,(anonymous_11)
FN:253,(anonymous_12)
FN:257,(anonymous_13)
FN:261,(anonymous_14)
FNF:15
FNH:2
FNDA:0,(anonymous_0)
FNDA:0,(anonymous_1)
FNDA:0,(anonymous_2)
FNDA:6,(anonymous_3)
FNDA:0,(anonymous_4)
FNDA:0,(anonymous_5)
FNDA:0,(anonymous_6)
FNDA:0,(anonymous_7)
FNDA:0,(anonymous_8)
FNDA:0,(anonymous_9)
FNDA:0,(anonymous_10)
FNDA:1,(anonymous_11)
FNDA:0,(anonymous_12)
FNDA:0,(anonymous_13)
FNDA:0,(anonymous_14)
DA:9,1
DA:12,1
DA:13,1
DA:14,1
DA:15,1
DA:16,1
DA:17,1
DA:18,1
DA:21,1
DA:22,1
DA:23,1
DA:24,1
DA:25,1
DA:26,1
DA:27,1
DA:28,1
DA:31,1
DA:32,1
DA:33,1
DA:34,1
DA:35,1
DA:36,1
DA:39,1
DA:42,1
DA:43,1
DA:44,0
DA:48,1
DA:49,0
DA:50,0
DA:51,0
DA:55,1
DA:58,1
DA:59,0
DA:63,1
DA:64,0
DA:67,1
DA:68,0
DA:72,1
DA:96,1
DA:97,1
DA:98,6
DA:102,1
DA:103,1
DA:106,1
DA:113,1
DA:116,1
DA:119,1
DA:122,1
DA:125,1
DA:128,1
DA:131,1
DA:134,1
DA:135,1
DA:138,1
DA:139,0
DA:140,0
DA:153,1
DA:154,0
DA:158,1
DA:160,0
DA:163,0
DA:164,0
DA:167,0
DA:171,1
DA:172,1
DA:173,0
DA:175,0
DA:178,0
DA:185,0
DA:186,0
DA:195,1
DA:196,0
DA:197,0
DA:198,0
DA:200,0
DA:208,0
DA:209,0
DA:219,1
DA:220,0
DA:223,0
DA:232,0
DA:245,1
DA:246,1
DA:247,1
DA:248,1
DA:249,1
DA:253,1
DA:254,0
DA:257,1
DA:258,0
DA:261,0
DA:262,0
DA:266,1
LF:93
LH:61
BRDA:43,0,0,0
BRDA:43,0,1,1
BRDA:48,1,0,0
BRDA:48,1,1,1
BRDA:48,2,0,1
BRDA:48,2,1,1
BRDA:107,3,0,1
BRDA:107,3,1,0
BRDA:143,4,0,0
BRDA:143,4,1,0
BRDA:147,5,0,0
BRDA:147,5,1,0
BRDA:158,6,0,0
BRDA:158,6,1,1
BRDA:171,7,0,1
BRDA:171,7,1,0
BRDA:232,8,0,0
BRDA:232,8,1,0
BRDA:235,9,0,0
BRDA:235,9,1,0
BRDA:236,10,0,0
BRDA:236,10,1,0
BRDA:238,11,0,0
BRDA:238,11,1,0
BRDA:239,12,0,0
BRDA:239,12,1,0
BRDA:245,13,0,1
BRDA:245,13,1,0
BRDA:247,14,0,1
BRDA:247,14,1,0
BRDA:248,15,0,1
BRDA:248,15,1,0
BRF:32
BRH:10
end_of_record
TN:
SF:config/cdn.js
FN:50,(anonymous_0)
FN:60,(anonymous_1)
FNF:2
FNH:0
FNDA:0,(anonymous_0)
FNDA:0,(anonymous_1)
DA:8,1
DA:50,1
DA:51,0
DA:52,0
DA:60,1
DA:61,0
DA:64,0
DA:65,0
DA:69,0
DA:72,0
DA:75,1
LF:11
LH:4
BRDA:20,0,0,1
BRDA:20,0,1,1
BRDA:23,1,0,1
BRDA:23,1,1,1
BRDA:25,2,0,1
BRDA:25,2,1,1
BRDA:34,3,0,1
BRDA:34,3,1,1
BRDA:37,4,0,1
BRDA:37,4,1,1
BRDA:39,5,0,1
BRDA:39,5,1,1
BRDA:51,6,0,0
BRDA:51,6,1,0
BRDA:52,7,0,0
BRDA:52,7,1,0
BRDA:64,8,0,0
BRDA:64,8,1,0
BRDA:69,9,0,0
BRDA:69,9,1,0
BRF:20
BRH:12
end_of_record
TN:
SF:middleware/apiKeyValidation.js
FN:14,(anonymous_0)
FN:38,(anonymous_1)
FN:62,(anonymous_2)
FN:73,(anonymous_3)
FNF:4
FNH:1
FNDA:0,(anonymous_0)
FNDA:0,(anonymous_1)
FNDA:6,(anonymous_2)
FNDA:0,(anonymous_3)
DA:8,1
DA:9,1
DA:14,1
DA:15,0
DA:17,0
DA:20,0
DA:22,0
DA:24,0
DA:26,0
DA:38,1
DA:39,0
DA:41,0
DA:44,0
DA:46,0
DA:48,0
DA:50,0
DA:62,1
DA:63,6
DA:65,6
DA:67,6
DA:69,0
DA:72,0
DA:73,0
DA:80,6
DA:82,0
DA:83,0
DA:87,1
LF:27
LH:10
BRDA:67,0,0,0
BRDA:67,0,1,6
BRF:2
BRH:1
end_of_record
TN:
SF:middleware/caching.js
FN:17,(anonymous_0)
FN:30,(anonymous_1)
FN:31,(anonymous_2)
FN:50,(anonymous_3)
FN:68,(anonymous_4)
FN:73,(anonymous_5)
FNF:6
FNH:1
FNDA:0,(anonymous_0)
FNDA:9,(anonymous_1)
FNDA:0,(anonymous_2)
FNDA:0,(anonymous_3)
FNDA:0,(anonymous_4)
FNDA:0,(anonymous_5)
DA:8,1
DA:9,1
DA:17,1
DA:19,0
DA:20,0
DA:21,0
DA:30,1
DA:31,9
DA:33,0
DA:34,0
DA:37,0
DA:38,0
DA:40,0
DA:42,0
DA:43,0
DA:47,0
DA:50,0
DA:52,0
DA:53,0
DA:56,0
DA:57,0
DA:60,0
DA:68,1
DA:70,0
DA:73,0
DA:74,0
DA:75,0
DA:80,1
LF:28
LH:7
BRDA:17,0,0,0
BRDA:19,1,0,0
BRDA:19,1,1,0
BRDA:30,2,0,0
BRDA:33,3,0,0
BRDA:33,3,1,0
BRDA:33,4,0,0
BRDA:33,4,1,0
BRDA:40,5,0,0
BRDA:40,5,1,0
BRDA:52,6,0,0
BRDA:52,6,1,0
BRDA:52,7,0,0
BRDA:52,7,1,0
BRDA:74,8,0,0
BRDA:74,8,1,0
BRF:16
BRH:0
end_of_record
TN:
SF:middleware/cdnMiddleware.js
FN:14,(anonymous_0)
FN:26,(anonymous_1)
FN:35,(anonymous_2)
FN:55,(anonymous_3)
FNF:4
FNH:0
FNDA:0,(anonymous_0)
FNDA:0,(anonymous_1)
FNDA:0,(anonymous_2)
FNDA:0,(anonymous_3)
DA:8,1
DA:9,1
DA:14,1
DA:15,0
DA:18,0
DA:19,0
DA:23,0
DA:26,0
DA:27,0
DA:29,0
DA:30,0
DA:33,0
DA:35,0
DA:39,0
DA:42,0
DA:46,0
DA:49,0
DA:55,1
DA:56,0
DA:59,0
DA:60,0
DA:64,0
DA:67,0
DA:70,1
LF:24
LH:5
BRDA:18,0,0,0
BRDA:18,0,1,0
BRDA:30,1,0,0
BRDA:30,1,1,0
BRDA:30,2,0,0
BRDA:30,2,1,0
BRDA:30,2,2,0
BRDA:59,3,0,0
BRDA:59,3,1,0
BRDA:59,4,0,0
BRDA:59,4,1,0
BRF:11
BRH:0
end_of_record
TN:
SF:middleware/rateLimit.js
FN:38,(anonymous_0)
FN:57,(anonymous_1)
FN:61,(anonymous_2)
FNF:3
FNH:2
FNDA:3,(anonymous_0)
FNDA:6,(anonymous_1)
FNDA:0,(anonymous_2)
DA:8,1
DA:9,1
DA:12,1
DA:38,1
DA:40,3
DA:51,3
DA:54,3
DA:59,6
DA:63,0
DA:66,0
DA:82,3
DA:86,1
DA:93,1
DA:101,1
DA:106,1
LF:15
LH:13
BRDA:38,0,0,0
BRDA:41,1,0,3
BRDA:41,1,1,0
BRDA:42,2,0,3
BRDA:42,2,1,3
BRDA:89,3,0,1
BRDA:89,3,1,1
BRDA:90,4,0,1
BRDA:90,4,1,0
BRDA:96,5,0,1
BRDA:96,5,1,1
BRDA:97,6,0,1
BRDA:97,6,1,0
BRF:13
BRH:9
end_of_record
TN:
SF:models/betaUsers.js
FN:27,(anonymous_0)
FN:41,(anonymous_1)
FN:75,(anonymous_2)
FN:79,(anonymous_3)
FN:127,(anonymous_4)
FN:128,(anonymous_5)
FN:137,(anonymous_6)
FN:147,(anonymous_7)
FN:179,(anonymous_8)
FN:180,(anonymous_9)
FN:192,(anonymous_10)
FN:193,(anonymous_11)
FN:205,(anonymous_12)
FN:235,(anonymous_13)
FN:266,(anonymous_14)
FN:303,(anonymous_15)
FN:340,(anonymous_16)
FN:373,(anonymous_17)
FNF:18
FNH:3
FNDA:2,(anonymous_0)
FNDA:0,(anonymous_1)
FNDA:1,(anonymous_2)
FNDA:1,(anonymous_3)
FNDA:0,(anonymous_4)
FNDA:0,(anonymous_5)
FNDA:0,(anonymous_6)
FNDA:0,(anonymous_7)
FNDA:0,(anonymous_8)
FNDA:0,(anonymous_9)
FNDA:0,(anonymous_10)
FNDA:0,(anonymous_11)
FNDA:0,(anonymous_12)
FNDA:0,(anonymous_13)
FNDA:0,(anonymous_14)
FNDA:0,(anonymous_15)
FNDA:0,(anonymous_16)
FNDA:0,(anonymous_17)
DA:8,1
DA:9,1
DA:10,1
DA:11,1
DA:15,1
DA:18,1
DA:21,1
DA:22,1
DA:27,1
DA:28,2
DA:30,2
DA:32,2
DA:33,0
DA:36,2
DA:37,0
DA:40,2
DA:41,0
DA:44,2
DA:45,2
DA:46,2
DA:58,2
DA:59,2
DA:62,2
DA:66,0
DA:75,1
DA:76,1
DA:78,1
DA:79,1
DA:82,1
DA:83,0
DA:87,1
DA:90,1
DA:91,1
DA:94,1
DA:111,1
DA:114,1
DA:115,1
DA:117,0
DA:118,0
DA:127,1
DA:128,0
DA:129,0
DA:137,1
DA:138,0
DA:147,1
DA:148,0
DA:149,0
DA:151,0
DA:152,0
DA:155,0
DA:157,0
DA:158,0
DA:162,0
DA:163,0
DA:166,0
DA:167,0
DA:169,0
DA:170,0
DA:179,1
DA:180,0
DA:181,0
DA:184,0
DA:192,1
DA:193,0
DA:194,0
DA:197,0
DA:205,1
DA:206,0
DA:207,0
DA:209,0
DA:210,0
DA:214,0
DA:215,0
DA:216,0
DA:219,0
DA:222,0
DA:223,0
DA:225,0
DA:226,0
DA:235,1
DA:236,0
DA:237,0
DA:239,0
DA:240,0
DA:244,0
DA:247,0
DA:248,0
DA:251,0
DA:253,0
DA:255,0
DA:256,0
DA:266,1
DA:267,0
DA:269,0
DA:271,0
DA:272,0
DA:276,0
DA:279,0
DA:280,0
DA:281,0
DA:284,0
DA:287,0
DA:289,0
DA:291,0
DA:292,0
DA:303,1
DA:304,0
DA:305,0
DA:307,0
DA:308,0
DA:312,0
DA:314,0
DA:315,0
DA:319,0
DA:322,0
DA:325,0
DA:327,0
DA:329,0
DA:330,0
DA:340,1
DA:341,0
DA:342,0
DA:344,0
DA:345,0
DA:349,0
DA:350,0
DA:356,0
DA:359,0
DA:360,0
DA:362,0
DA:363,0
DA:373,1
DA:374,0
DA:375,0
DA:377,0
DA:378,0
DA:382,0
DA:385,0
DA:388,0
DA:389,0
DA:391,0
DA:392,0
DA:396,1
LF:143
LH:44
BRDA:30,0,0,2
BRDA:30,0,1,0
BRDA:30,1,0,2
BRDA:30,1,1,2
BRDA:32,2,0,0
BRDA:32,2,1,2
BRDA:36,3,0,0
BRDA:36,3,1,2
BRDA:44,4,0,2
BRDA:44,4,1,0
BRDA:82,5,0,0
BRDA:82,5,1,1
BRDA:97,6,0,1
BRDA:97,6,1,1
BRDA:99,7,0,1
BRDA:99,7,1,0
BRDA:129,8,0,0
BRDA:129,8,1,0
BRDA:138,9,0,0
BRDA:138,9,1,0
BRDA:151,10,0,0
BRDA:151,10,1,0
BRDA:157,11,0,0
BRDA:157,11,1,0
BRDA:181,12,0,0
BRDA:181,12,1,0
BRDA:184,13,0,0
BRDA:184,13,1,0
BRDA:194,14,0,0
BRDA:194,14,1,0
BRDA:197,15,0,0
BRDA:197,15,1,0
BRDA:209,16,0,0
BRDA:209,16,1,0
BRDA:239,17,0,0
BRDA:239,17,1,0
BRDA:271,18,0,0
BRDA:271,18,1,0
BRDA:307,19,0,0
BRDA:307,19,1,0
BRDA:314,20,0,0
BRDA:314,20,1,0
BRDA:344,21,0,0
BRDA:344,21,1,0
BRDA:349,22,0,0
BRDA:349,22,1,0
BRDA:377,23,0,0
BRDA:377,23,1,0
BRF:48
BRH:10
end_of_record
TN:
SF:models/inviteCodes.js
FN:22,(anonymous_0)
FN:48,(anonymous_1)
FN:80,(anonymous_2)
FN:112,(anonymous_3)
FN:141,(anonymous_4)
FN:155,(anonymous_5)
FNF:6
FNH:1
FNDA:1,(anonymous_0)
FNDA:0,(anonymous_1)
FNDA:0,(anonymous_2)
FNDA:0,(anonymous_3)
FNDA:0,(anonymous_4)
FNDA:0,(anonymous_5)
DA:7,1
DA:8,1
DA:9,1
DA:13,1
DA:16,1
DA:17,1
DA:22,1
DA:24,1
DA:26,1
DA:37,1
DA:40,1
DA:48,1
DA:49,0
DA:51,0
DA:54,0
DA:66,0
DA:68,0
DA:70,0
DA:71,0
DA:80,1
DA:81,0
DA:82,0
DA:85,0
DA:87,0
DA:90,0
DA:93,0
DA:96,0
DA:97,0
DA:99,0
DA:101,0
DA:102,0
DA:112,1
DA:113,0
DA:115,0
DA:117,0
DA:120,0
DA:121,0
DA:124,0
DA:125,0
DA:128,0
DA:130,0
DA:132,0
DA:133,0
DA:141,1
DA:142,0
DA:143,0
DA:145,0
DA:146,0
DA:155,1
DA:156,0
DA:158,0
DA:160,0
DA:163,0
DA:166,0
DA:168,0
DA:170,0
DA:171,0
DA:175,1
LF:58
LH:17
BRDA:24,0,0,1
BRDA:24,0,1,0
BRDA:48,1,0,0
BRDA:82,2,0,0
BRDA:82,2,1,0
BRDA:87,3,0,0
BRDA:87,3,1,0
BRDA:90,4,0,0
BRDA:90,4,1,0
BRDA:93,5,0,0
BRDA:93,5,1,0
BRDA:97,6,0,0
BRDA:97,6,1,0
BRDA:117,7,0,0
BRDA:117,7,1,0
BRDA:121,8,0,0
BRDA:121,8,1,0
BRDA:160,9,0,0
BRDA:160,9,1,0
BRF:19
BRH:1
end_of_record
TN:
SF:routes/admin.js
FN:23,(anonymous_0)
FN:46,(anonymous_1)
FN:80,(anonymous_2)
FN:85,(anonymous_3)
FN:113,(anonymous_4)
FN:148,(anonymous_5)
FN:157,(anonymous_6)
FNF:7
FNH:0
FNDA:0,(anonymous_0)
FNDA:0,(anonymous_1)
FNDA:0,(anonymous_2)
FNDA:0,(anonymous_3)
FNDA:0,(anonymous_4)
FNDA:0,(anonymous_5)
FNDA:0,(anonymous_6)
DA:8,1
DA:9,1
DA:10,1
DA:11,1
DA:12,1
DA:13,1
DA:14,1
DA:17,1
DA:23,1
DA:24,0
DA:25,0
DA:27,0
DA:32,0
DA:33,0
DA:46,1
DA:47,0
DA:48,0
DA:50,0
DA:51,0
DA:59,0
DA:61,0
DA:66,0
DA:67,0
DA:80,1
DA:81,0
DA:82,0
DA:85,0
DA:94,0
DA:99,0
DA:100,0
DA:113,1
DA:114,0
DA:115,0
DA:117,0
DA:118,0
DA:127,0
DA:129,0
DA:134,0
DA:135,0
DA:148,1
DA:149,0
DA:151,0
DA:154,0
DA:155,0
DA:157,0
DA:158,0
DA:162,0
DA:164,0
DA:175,0
DA:176,0
DA:185,1
LF:51
LH:14
BRDA:50,0,0,0
BRDA:50,0,1,0
BRDA:50,1,0,0
BRDA:50,1,1,0
BRDA:117,2,0,0
BRDA:117,2,1,0
BRDA:117,3,0,0
BRDA:117,3,1,0
BRDA:117,3,2,0
BRDA:158,4,0,0
BRDA:158,4,1,0
BRDA:166,5,0,0
BRDA:166,5,1,0
BRF:13
BRH:0
end_of_record
TN:
SF:routes/emails.js
FN:20,(anonymous_0)
FN:87,(anonymous_1)
FN:139,(anonymous_2)
FN:190,(anonymous_3)
FN:233,(anonymous_4)
FNF:5
FNH:0
FNDA:0,(anonymous_0)
FNDA:0,(anonymous_1)
FNDA:0,(anonymous_2)
FNDA:0,(anonymous_3)
FNDA:0,(anonymous_4)
DA:7,1
DA:8,1
DA:9,1
DA:10,1
DA:11,1
DA:12,1
DA:13,1
DA:14,1
DA:15,1
DA:20,1
DA:21,0
DA:22,0
DA:24,0
DA:25,0
DA:33,0
DA:35,0
DA:36,0
DA:45,0
DA:47,0
DA:48,0
DA:57,0
DA:59,0
DA:70,0
DA:72,0
DA:84,1
DA:88,0
DA:89,0
DA:91,0
DA:92,0
DA:101,0
DA:104,0
DA:110,0
DA:111,0
DA:119,0
DA:124,0
DA:126,0
DA:139,1
DA:140,0
DA:141,0
DA:143,0
DA:144,0
DA:153,0
DA:156,0
DA:157,0
DA:163,0
DA:166,0
DA:168,0
DA:169,0
DA:172,0
DA:176,0
DA:178,0
DA:190,1
DA:191,0
DA:192,0
DA:194,0
DA:195,0
DA:204,0
DA:206,0
DA:207,0
DA:215,0
DA:219,0
DA:221,0
DA:233,1
DA:234,0
DA:235,0
DA:237,0
DA:238,0
DA:247,0
DA:248,0
DA:257,0
DA:259,0
DA:260,0
DA:268,0
DA:272,0
DA:274,0
DA:283,1
LF:76
LH:15
BRDA:24,0,0,0
BRDA:24,0,1,0
BRDA:35,1,0,0
BRDA:35,1,1,0
BRDA:47,2,0,0
BRDA:47,2,1,0
BRDA:85,3,0,1
BRDA:85,3,1,0
BRDA:86,4,0,1
BRDA:86,4,1,0
BRDA:86,5,0,1
BRDA:86,5,1,1
BRDA:91,6,0,0
BRDA:91,6,1,0
BRDA:107,7,0,0
BRDA:107,7,1,0
BRDA:110,8,0,0
BRDA:110,8,1,0
BRDA:143,9,0,0
BRDA:143,9,1,0
BRDA:156,10,0,0
BRDA:156,10,1,0
BRDA:168,11,0,0
BRDA:168,11,1,0
BRDA:194,12,0,0
BRDA:194,12,1,0
BRDA:194,13,0,0
BRDA:194,13,1,0
BRDA:206,14,0,0
BRDA:206,14,1,0
BRDA:237,15,0,0
BRDA:237,15,1,0
BRDA:247,16,0,0
BRDA:247,16,1,0
BRDA:259,17,0,0
BRDA:259,17,1,0
BRF:36
BRH:4
end_of_record
TN:
SF:routes/googlemaps.js
FN:25,(anonymous_0)
FN:70,(anonymous_1)
FN:100,(anonymous_2)
FN:108,(anonymous_3)
FN:134,(anonymous_4)
FN:171,(anonymous_5)
FN:179,(anonymous_6)
FN:209,(anonymous_7)
FN:251,(anonymous_8)
FN:292,(anonymous_9)
FN:323,(anonymous_10)
FNF:11
FNH:0
FNDA:0,(anonymous_0)
FNDA:0,(anonymous_1)
FNDA:0,(anonymous_2)
FNDA:0,(anonymous_3)
FNDA:0,(anonymous_4)
FNDA:0,(anonymous_5)
FNDA:0,(anonymous_6)
FNDA:0,(anonymous_7)
FNDA:0,(anonymous_8)
FNDA:0,(anonymous_9)
FNDA:0,(anonymous_10)
DA:8,1
DA:9,1
DA:10,1
DA:11,1
DA:12,1
DA:15,1
DA:18,1
DA:25,1
DA:26,0
DA:28,0
DA:32,0
DA:34,0
DA:40,0
DA:41,0
DA:45,0
DA:46,0
DA:54,0
DA:60,0
DA:61,0
DA:70,1
DA:71,0
DA:73,0
DA:81,0
DA:83,0
DA:88,0
DA:89,0
DA:91,0
DA:95,0
DA:96,0
DA:100,0
DA:108,0
DA:116,0
DA:124,0
DA:125,0
DA:134,1
DA:135,0
DA:137,0
DA:148,0
DA:150,0
DA:157,0
DA:158,0
DA:159,0
DA:160,0
DA:162,0
DA:166,0
DA:167,0
DA:171,0
DA:179,0
DA:193,0
DA:199,0
DA:200,0
DA:209,1
DA:210,0
DA:212,0
DA:217,0
DA:219,0
DA:224,0
DA:228,0
DA:229,0
DA:233,0
DA:235,0
DA:241,0
DA:242,0
DA:251,1
DA:252,0
DA:254,0
DA:260,0
DA:262,0
DA:267,0
DA:270,0
DA:276,0
DA:279,0
DA:282,0
DA:283,0
DA:292,1
DA:293,0
DA:295,0
DA:303,0
DA:305,0
DA:310,0
DA:311,0
DA:312,0
DA:314,0
DA:318,0
DA:319,0
DA:323,0
DA:330,0
DA:336,0
DA:337,0
DA:341,1
LF:90
LH:14
BRDA:15,0,0,1
BRDA:15,0,1,1
BRDA:40,1,0,0
BRDA:40,1,1,0
BRDA:41,2,0,0
BRDA:41,2,1,0
BRDA:45,3,0,0
BRDA:45,3,1,0
BRDA:46,4,0,0
BRDA:46,4,1,0
BRDA:88,5,0,0
BRDA:88,5,1,0
BRDA:89,6,0,0
BRDA:89,6,1,0
BRDA:95,7,0,0
BRDA:95,7,1,0
BRDA:95,8,0,0
BRDA:95,8,1,0
BRDA:96,9,0,0
BRDA:96,9,1,0
BRDA:108,10,0,0
BRDA:108,10,1,0
BRDA:119,11,0,0
BRDA:119,11,1,0
BRDA:157,12,0,0
BRDA:157,12,1,0
BRDA:158,13,0,0
BRDA:158,13,1,0
BRDA:159,14,0,0
BRDA:159,14,1,0
BRDA:160,15,0,0
BRDA:160,15,1,0
BRDA:166,16,0,0
BRDA:166,16,1,0
BRDA:167,17,0,0
BRDA:167,17,1,0
BRDA:186,18,0,0
BRDA:186,18,1,0
BRDA:221,19,0,0
BRDA:221,19,1,0
BRDA:228,20,0,0
BRDA:228,20,1,0
BRDA:229,21,0,0
BRDA:229,21,1,0
BRDA:267,22,0,0
BRDA:267,22,1,0
BRDA:310,23,0,0
BRDA:310,23,1,0
BRDA:311,24,0,0
BRDA:311,24,1,0
BRDA:312,25,0,0
BRDA:312,25,1,0
BRDA:318,26,0,0
BRDA:318,26,1,0
BRDA:318,27,0,0
BRDA:318,27,1,0
BRDA:319,28,0,0
BRDA:319,28,1,0
BRF:58
BRH:2
end_of_record
TN:
SF:routes/openai.js
FN:25,(anonymous_0)
FN:92,(anonymous_1)
FN:175,(anonymous_2)
FN:236,(anonymous_3)
FNF:4
FNH:0
FNDA:0,(anonymous_0)
FNDA:0,(anonymous_1)
FNDA:0,(anonymous_2)
FNDA:0,(anonymous_3)
DA:8,1
DA:9,1
DA:10,1
DA:11,1
DA:12,1
DA:15,1
DA:18,1
DA:25,1
DA:26,0
DA:28,0
DA:32,0
DA:34,0
DA:65,0
DA:68,0
DA:71,0
DA:77,0
DA:82,0
DA:83,0
DA:92,1
DA:93,0
DA:95,0
DA:100,0
DA:103,0
DA:105,0
DA:148,0
DA:151,0
DA:154,0
DA:160,0
DA:165,0
DA:166,0
DA:175,1
DA:176,0
DA:177,0
DA:179,0
DA:209,0
DA:212,0
DA:215,0
DA:221,0
DA:226,0
DA:227,0
DA:236,1
DA:237,0
DA:239,0
DA:243,0
DA:245,0
DA:247,0
DA:287,0
DA:290,0
DA:293,0
DA:299,0
DA:304,0
DA:305,0
DA:309,1
LF:53
LH:12
BRDA:15,0,0,1
BRDA:15,0,1,1
BRDA:35,1,0,0
BRDA:35,1,1,0
BRDA:106,2,0,0
BRDA:106,2,1,0
BRDA:132,3,0,0
BRDA:132,3,1,0
BRDA:133,4,0,0
BRDA:133,4,1,0
BRDA:134,5,0,0
BRDA:134,5,1,0
BRDA:135,6,0,0
BRDA:135,6,1,0
BRDA:136,7,0,0
BRDA:136,7,1,0
BRDA:137,8,0,0
BRDA:137,8,1,0
BRDA:138,9,0,0
BRDA:138,9,1,0
BRDA:139,10,0,0
BRDA:139,10,1,0
BRDA:180,11,0,0
BRDA:180,11,1,0
BRDA:248,12,0,0
BRDA:248,12,1,0
BRDA:275,13,0,0
BRDA:275,13,1,0
BRDA:276,14,0,0
BRDA:276,14,1,0
BRDA:277,15,0,0
BRDA:277,15,1,0
BRDA:278,16,0,0
BRDA:278,16,1,0
BRF:34
BRH:2
end_of_record
TN:
SF:services/emailService.js
FN:23,(anonymous_0)
FN:50,(anonymous_1)
FN:85,(anonymous_2)
FN:105,(anonymous_3)
FN:152,(anonymous_4)
FN:181,(anonymous_5)
FN:238,(anonymous_6)
FN:287,(anonymous_7)
FNF:8
FNH:0
FNDA:0,(anonymous_0)
FNDA:0,(anonymous_1)
FNDA:0,(anonymous_2)
FNDA:0,(anonymous_3)
FNDA:0,(anonymous_4)
FNDA:0,(anonymous_5)
FNDA:0,(anonymous_6)
FNDA:0,(anonymous_7)
DA:7,1
DA:8,1
DA:9,1
DA:10,1
DA:13,1
DA:23,1
DA:24,0
DA:26,0
DA:29,0
DA:31,0
DA:36,0
DA:37,0
DA:38,0
DA:40,0
DA:41,0
DA:50,1
DA:51,0
DA:52,0
DA:62,0
DA:72,0
DA:85,1
DA:86,0
DA:87,0
DA:90,0
DA:95,0
DA:105,1
DA:106,0
DA:107,0
DA:108,0
DA:120,0
DA:135,0
DA:142,0
DA:143,0
DA:152,1
DA:153,0
DA:154,0
DA:156,0
DA:159,0
DA:160,0
DA:161,0
DA:165,0
DA:167,0
DA:169,0
DA:170,0
DA:181,1
DA:182,0
DA:183,0
DA:185,0
DA:186,0
DA:200,0
DA:220,0
DA:227,0
DA:228,0
DA:238,1
DA:239,0
DA:240,0
DA:241,0
DA:253,0
DA:268,0
DA:275,0
DA:276,0
DA:287,1
DA:288,0
DA:289,0
DA:290,0
DA:306,0
DA:323,0
DA:330,0
DA:331,0
DA:335,1
LF:70
LH:14
BRDA:53,0,0,0
BRDA:53,0,1,0
BRDA:65,1,0,0
BRDA:65,1,1,0
BRDA:87,2,0,0
BRDA:87,2,1,0
BRDA:109,3,0,0
BRDA:109,3,1,0
BRDA:123,4,0,0
BRDA:123,4,1,0
BRDA:156,5,0,0
BRDA:156,5,1,0
BRDA:159,6,0,0
BRDA:159,6,1,0
BRDA:181,7,0,0
BRDA:183,8,0,0
BRDA:183,8,1,0
BRDA:242,9,0,0
BRDA:242,9,1,0
BRDA:256,10,0,0
BRDA:256,10,1,0
BRDA:291,11,0,0
BRDA:291,11,1,0
BRDA:309,12,0,0
BRDA:309,12,1,0
BRF:25
BRH:0
end_of_record
TN:
SF:utils/apiHelpers.js
FN:16,(anonymous_0)
FN:37,(anonymous_1)
FN:58,(anonymous_2)
FN:93,(anonymous_3)
FN:97,(anonymous_4)
FNF:5
FNH:0
FNDA:0,(anonymous_0)
FNDA:0,(anonymous_1)
FNDA:0,(anonymous_2)
FNDA:0,(anonymous_3)
FNDA:0,(anonymous_4)
DA:7,1
DA:8,1
DA:9,1
DA:16,1
DA:17,0
DA:18,0
DA:19,0
DA:22,0
DA:37,1
DA:38,0
DA:39,0
DA:40,0
DA:43,0
DA:58,1
DA:60,0
DA:63,0
DA:66,0
DA:77,0
DA:84,0
DA:93,1
DA:94,0
DA:97,0
DA:98,0
DA:99,0
DA:102,0
DA:103,0
DA:107,0
DA:108,0
DA:109,0
DA:111,0
DA:115,0
DA:116,0
DA:117,0
DA:118,0
DA:123,0
DA:124,0
DA:126,0
DA:130,0
DA:133,1
LF:39
LH:8
BRDA:17,0,0,0
BRDA:17,0,1,0
BRDA:38,1,0,0
BRDA:38,1,1,0
BRDA:69,2,0,0
BRDA:69,2,1,0
BRDA:70,3,0,0
BRDA:70,3,1,0
BRDA:71,4,0,0
BRDA:71,4,1,0
BRDA:71,4,2,0
BRDA:72,5,0,0
BRDA:72,5,1,0
BRDA:102,6,0,0
BRDA:102,6,1,0
BRDA:102,7,0,0
BRDA:102,7,1,0
BRDA:102,7,2,0
BRDA:107,8,0,0
BRDA:107,8,1,0
BRDA:107,9,0,0
BRDA:107,9,1,0
BRDA:108,10,0,0
BRDA:108,10,1,0
BRDA:115,11,0,0
BRDA:115,11,1,0
BRDA:116,12,0,0
BRDA:116,12,1,0
BRDA:117,13,0,0
BRDA:117,13,1,0
BRDA:123,14,0,0
BRDA:123,14,1,0
BRDA:123,15,0,0
BRDA:123,15,1,0
BRF:34
BRH:0
end_of_record
TN:
SF:utils/keyManager.js
FN:14,(anonymous_0)
FN:24,(anonymous_1)
FN:48,(anonymous_2)
FN:69,(anonymous_3)
FN:90,(anonymous_4)
FN:114,(anonymous_5)
FN:137,(anonymous_6)
FN:149,(anonymous_7)
FN:168,(anonymous_8)
FN:169,(anonymous_9)
FNF:10
FNH:2
FNDA:1,(anonymous_0)
FNDA:10,(anonymous_1)
FNDA:0,(anonymous_2)
FNDA:0,(anonymous_3)
FNDA:0,(anonymous_4)
FNDA:0,(anonymous_5)
FNDA:0,(anonymous_6)
FNDA:0,(anonymous_7)
FNDA:0,(anonymous_8)
FNDA:0,(anonymous_9)
DA:8,1
DA:9,1
DA:10,1
DA:11,1
DA:15,1
DA:16,1
DA:17,1
DA:18,1
DA:25,10
DA:26,0
DA:29,10
DA:30,10
DA:32,10
DA:33,10
DA:34,10
DA:36,10
DA:38,10
DA:49,0
DA:50,0
DA:53,0
DA:54,0
DA:55,0
DA:57,0
DA:58,0
DA:60,0
DA:61,0
DA:63,0
DA:70,0
DA:71,0
DA:73,0
DA:84,0
DA:91,0
DA:92,0
DA:93,0
DA:97,0
DA:98,0
DA:101,0
DA:102,0
DA:104,0
DA:105,0
DA:108,0
DA:115,0
DA:116,0
DA:117,0
DA:121,0
DA:128,0
DA:129,0
DA:131,0
DA:138,0
DA:139,0
DA:140,0
DA:142,0
DA:150,0
DA:151,0
DA:152,0
DA:155,0
DA:169,0
DA:180,1
LF:58
LH:17
BRDA:17,0,0,1
BRDA:17,0,1,1
BRDA:25,1,0,0
BRDA:25,1,1,10
BRDA:25,2,0,10
BRDA:25,2,1,10
BRDA:49,3,0,0
BRDA:49,3,1,0
BRDA:49,4,0,0
BRDA:49,4,1,0
BRDA:69,5,0,0
BRDA:92,6,0,0
BRDA:92,6,1,0
BRDA:104,7,0,0
BRDA:104,7,1,0
BRDA:116,8,0,0
BRDA:116,8,1,0
BRDA:151,9,0,0
BRDA:151,9,1,0
BRF:19
BRH:5
end_of_record
TN:
SF:utils/logger.js
FN:30,(anonymous_0)
FN:71,(anonymous_1)
FN:99,(anonymous_2)
FN:110,(anonymous_3)
FN:148,(anonymous_4)
FNF:5
FNH:2
FNDA:15,(anonymous_0)
FNDA:6,(anonymous_1)
FNDA:0,(anonymous_2)
FNDA:0,(anonymous_3)
FNDA:0,(anonymous_4)
DA:8,1
DA:9,1
DA:10,1
DA:13,1
DA:14,1
DA:15,0
DA:19,1
DA:27,1
DA:31,15
DA:36,1
DA:71,1
DA:72,6
DA:73,6
DA:75,6
DA:85,6
DA:86,0
DA:87,6
DA:88,3
DA:90,3
DA:99,1
DA:100,0
DA:110,1
DA:111,0
DA:120,0
DA:121,0
DA:126,0
DA:129,0
DA:130,0
DA:137,0
DA:148,1
DA:149,0
DA:155,0
DA:156,0
DA:160,0
DA:163,0
DA:164,0
DA:169,0
DA:173,1
LF:38
LH:21
BRDA:14,0,0,0
BRDA:14,0,1,1
BRDA:31,1,0,15
BRDA:31,1,1,0
BRDA:37,2,0,0
BRDA:37,2,1,1
BRDA:58,3,0,0
BRDA:58,3,1,1
BRDA:81,4,0,6
BRDA:81,4,1,6
BRDA:85,5,0,0
BRDA:85,5,1,6
BRDA:87,6,0,3
BRDA:87,6,1,3
BRDA:110,7,0,0
BRDA:110,8,0,0
BRDA:116,9,0,0
BRDA:116,9,1,0
BRDA:120,10,0,0
BRDA:120,10,1,0
BRDA:129,11,0,0
BRDA:129,11,1,0
BRDA:148,12,0,0
BRDA:148,13,0,0
BRDA:155,14,0,0
BRDA:155,14,1,0
BRDA:158,15,0,0
BRDA:158,15,1,0
BRDA:163,16,0,0
BRDA:163,16,1,0
BRF:30
BRH:9
end_of_record
TN:
SF:utils/tokenProvider.js
FN:22,(anonymous_0)
FN:48,(anonymous_1)
FN:75,(anonymous_2)
FN:94,(anonymous_3)
FN:129,(anonymous_4)
FN:140,(anonymous_5)
FN:150,(anonymous_6)
FN:185,(anonymous_7)
FN:209,(anonymous_8)
FN:215,(anonymous_9)
FN:216,(anonymous_10)
FN:218,(anonymous_11)
FN:232,(anonymous_12)
FN:236,(anonymous_13)
FN:240,(anonymous_14)
FN:244,(anonymous_15)
FN:248,(anonymous_16)
FNF:17
FNH:4
FNDA:1,(anonymous_0)
FNDA:2,(anonymous_1)
FNDA:4,(anonymous_2)
FNDA:0,(anonymous_3)
FNDA:0,(anonymous_4)
FNDA:0,(anonymous_5)
FNDA:0,(anonymous_6)
FNDA:0,(anonymous_7)
FNDA:6,(anonymous_8)
FNDA:0,(anonymous_9)
FNDA:0,(anonymous_10)
FNDA:0,(anonymous_11)
FNDA:0,(anonymous_12)
FNDA:0,(anonymous_13)
FNDA:0,(anonymous_14)
FNDA:0,(anonymous_15)
FNDA:0,(anonymous_16)
DA:14,1
DA:15,1
DA:18,1
DA:19,1
DA:23,1
DA:24,1
DA:33,1
DA:42,1
DA:49,2
DA:51,2
DA:53,2
DA:56,2
DA:59,2
DA:60,2
DA:61,2
DA:64,2
DA:65,2
DA:67,0
DA:68,0
DA:76,4
DA:79,4
DA:82,4
DA:83,120
DA:85,120
DA:86,120
DA:95,0
DA:98,0
DA:99,0
DA:100,0
DA:104,0
DA:105,0
DA:106,0
DA:107,0
DA:108,0
DA:110,0
DA:116,0
DA:117,0
DA:118,0
DA:119,0
DA:123,0
DA:130,0
DA:131,0
DA:132,0
DA:134,0
DA:141,0
DA:151,0
DA:153,0
DA:154,0
DA:156,0
DA:157,0
DA:158,0
DA:159,0
DA:163,0
DA:164,0
DA:167,0
DA:168,0
DA:172,0
DA:174,0
DA:176,0
DA:177,0
DA:178,0
DA:186,0
DA:188,0
DA:189,0
DA:192,0
DA:193,0
DA:196,0
DA:198,0
DA:200,0
DA:201,0
DA:202,0
DA:210,6
DA:212,6
DA:214,6
DA:215,0
DA:217,0
DA:218,0
DA:220,0
DA:233,0
DA:237,0
DA:241,0
DA:245,0
DA:249,0
DA:254,1
LF:84
LH:27
BRDA:49,0,0,0
BRDA:49,0,1,2
BRDA:59,1,0,2
BRDA:59,1,1,0
BRDA:83,2,0,120
BRDA:83,2,1,0
BRDA:85,3,0,0
BRDA:85,3,1,120
BRDA:95,4,0,0
BRDA:95,4,1,0
BRDA:99,5,0,0
BRDA:99,5,1,0
BRDA:104,6,0,0
BRDA:104,6,1,0
BRDA:116,7,0,0
BRDA:116,7,1,0
BRDA:131,8,0,0
BRDA:131,8,1,0
BRDA:131,9,0,0
BRDA:131,9,1,0
BRDA:151,10,0,0
BRDA:151,10,1,0
BRDA:156,11,0,0
BRDA:156,11,1,0
BRDA:158,12,0,0
BRDA:158,12,1,0
BRDA:163,13,0,0
BRDA:163,13,1,0
BRDA:186,14,0,0
BRDA:186,14,1,0
BRDA:188,15,0,0
BRDA:188,15,1,0
BRDA:210,16,0,1
BRDA:210,16,1,5
BRF:34
BRH:6
end_of_record
TN:
SF:utils/vaultService.js
FN:28,(anonymous_0)
FN:52,(anonymous_1)
FN:84,(anonymous_2)
FN:117,(anonymous_3)
FN:126,(anonymous_4)
FN:135,(anonymous_5)
FN:162,(anonymous_6)
FN:185,(anonymous_7)
FN:207,(anonymous_8)
FN:241,(anonymous_9)
FN:275,(anonymous_10)
FN:308,(anonymous_11)
FN:333,(anonymous_12)
FN:355,(anonymous_13)
FN:363,(anonymous_14)
FN:383,(anonymous_15)
FN:387,(anonymous_16)
FN:388,(anonymous_17)
FN:403,(anonymous_18)
FN:405,(anonymous_19)
FN:411,(anonymous_20)
FNF:21
FNH:15
FNDA:1,(anonymous_0)
FNDA:2,(anonymous_1)
FNDA:1,(anonymous_2)
FNDA:0,(anonymous_3)
FNDA:0,(anonymous_4)
FNDA:10,(anonymous_5)
FNDA:1,(anonymous_6)
FNDA:10,(anonymous_7)
FNDA:10,(anonymous_8)
FNDA:0,(anonymous_9)
FNDA:0,(anonymous_10)
FNDA:0,(anonymous_11)
FNDA:0,(anonymous_12)
FNDA:330,(anonymous_13)
FNDA:10,(anonymous_14)
FNDA:10,(anonymous_15)
FNDA:330,(anonymous_16)
FNDA:330,(anonymous_17)
FNDA:6,(anonymous_18)
FNDA:210,(anonymous_19)
FNDA:2,(anonymous_20)
DA:15,1
DA:16,1
DA:17,1
DA:18,1
DA:19,1
DA:20,1
DA:21,1
DA:24,1
DA:25,1
DA:29,1
DA:30,1
DA:31,1
DA:32,1
DA:33,1
DA:34,1
DA:35,1
DA:36,1
DA:37,1
DA:38,1
DA:53,2
DA:55,1
DA:56,1
DA:58,1
DA:59,1
DA:61,0
DA:62,0
DA:64,0
DA:65,0
DA:67,0
DA:68,0
DA:70,0
DA:73,1
DA:74,1
DA:76,0
DA:77,0
DA:85,1
DA:87,1
DA:88,1
DA:91,1
DA:92,1
DA:94,1
DA:95,1
DA:98,0
DA:106,0
DA:109,0
DA:110,0
DA:120,0
DA:129,0
DA:136,10
DA:137,0
DA:140,10
DA:142,10
DA:143,10
DA:145,10
DA:146,10
DA:147,10
DA:149,10
DA:151,10
DA:163,1
DA:164,0
DA:167,1
DA:169,1
DA:170,1
DA:171,1
DA:173,1
DA:174,1
DA:176,1
DA:177,1
DA:179,1
DA:186,10
DA:187,10
DA:188,10
DA:189,10
DA:190,10
DA:191,10
DA:193,0
DA:194,0
DA:196,0
DA:197,0
DA:200,0
DA:208,10
DA:210,10
DA:213,10
DA:215,10
DA:229,10
DA:230,0
DA:233,10
DA:235,10
DA:242,0
DA:244,0
DA:245,0
DA:246,0
DA:250,0
DA:251,0
DA:255,0
DA:256,0
DA:257,0
DA:260,0
DA:261,0
DA:269,0
DA:276,0
DA:278,0
DA:279,0
DA:280,0
DA:284,0
DA:287,0
DA:288,0
DA:296,0
DA:297,0
DA:300,0
DA:302,0
DA:309,0
DA:311,0
DA:312,0
DA:313,0
DA:317,0
DA:318,0
DA:321,0
DA:327,0
DA:334,0
DA:336,0
DA:337,0
DA:341,0
DA:342,0
DA:346,0
DA:347,0
DA:349,0
DA:356,330
DA:357,330
DA:364,10
DA:365,10
DA:375,10
DA:376,10
DA:377,10
DA:384,10
DA:386,10
DA:387,330
DA:388,330
DA:404,6
DA:405,210
DA:412,2
DA:414,2
DA:422,2
DA:424,2
DA:425,10
DA:426,10
DA:432,10
DA:436,2
DA:441,1
LF:149
LH:87
BRDA:31,0,0,1
BRDA:31,0,1,0
BRDA:34,1,0,1
BRDA:34,1,1,0
BRDA:53,2,0,1
BRDA:53,2,1,1
BRDA:56,3,0,1
BRDA:56,3,1,0
BRDA:56,3,2,0
BRDA:56,3,3,0
BRDA:56,3,4,0
BRDA:136,4,0,0
BRDA:136,4,1,10
BRDA:136,5,0,10
BRDA:136,5,1,10
BRDA:163,6,0,0
BRDA:163,6,1,1
BRDA:163,7,0,1
BRDA:163,7,1,1
BRDA:186,8,0,10
BRDA:186,8,1,0
BRDA:196,9,0,0
BRDA:196,9,1,0
BRDA:207,10,0,0
BRDA:208,11,0,0
BRDA:208,11,1,10
BRDA:229,12,0,0
BRDA:229,12,1,10
BRDA:242,13,0,0
BRDA:242,13,1,0
BRDA:245,14,0,0
BRDA:245,14,1,0
BRDA:250,15,0,0
BRDA:250,15,1,0
BRDA:260,16,0,0
BRDA:260,16,1,0
BRDA:275,17,0,0
BRDA:276,18,0,0
BRDA:276,18,1,0
BRDA:279,19,0,0
BRDA:279,19,1,0
BRDA:296,20,0,0
BRDA:296,20,1,0
BRDA:309,21,0,0
BRDA:309,21,1,0
BRDA:312,22,0,0
BRDA:312,22,1,0
BRDA:317,23,0,0
BRDA:317,23,1,0
BRDA:334,24,0,0
BRDA:334,24,1,0
BRDA:336,25,0,0
BRDA:336,25,1,0
BRDA:341,26,0,0
BRDA:341,26,1,0
BRDA:375,27,0,10
BRDA:375,27,1,0
BRDA:383,28,0,10
BRDA:384,29,0,0
BRDA:384,29,1,10
BRDA:387,30,0,330
BRDA:387,30,1,0
BRDA:412,31,0,0
BRDA:412,31,1,2
BRDA:425,32,0,10
BRDA:425,32,1,0
BRF:66
BRH:20
end_of_record
