TN:
SF:utils\keyManager.js
FN:14,(anonymous_0)
FN:24,(anonymous_1)
FN:48,(anonymous_2)
FN:69,(anonymous_3)
FN:90,(anonymous_4)
FN:114,(anonymous_5)
FN:137,(anonymous_6)
FN:149,(anonymous_7)
FN:168,(anonymous_8)
FN:169,(anonymous_9)
FNF:10
FNH:7
FNDA:1,(anonymous_0)
FNDA:8,(anonymous_1)
FNDA:1,(anonymous_2)
FNDA:7,(anonymous_3)
FNDA:2,(anonymous_4)
FNDA:1,(anonymous_5)
FNDA:1,(anonymous_6)
FNDA:0,(anonymous_7)
FNDA:0,(anonymous_8)
FNDA:0,(anonymous_9)
DA:8,1
DA:9,1
DA:10,1
DA:11,1
DA:15,1
DA:16,1
DA:17,1
DA:18,1
DA:25,8
DA:26,8
DA:29,0
DA:30,0
DA:32,0
DA:33,0
DA:34,0
DA:36,0
DA:38,0
DA:49,1
DA:50,1
DA:53,0
DA:54,0
DA:55,0
DA:57,0
DA:58,0
DA:60,0
DA:61,0
DA:63,0
DA:70,7
DA:71,0
DA:73,0
DA:84,0
DA:91,2
DA:92,2
DA:93,2
DA:97,0
DA:98,0
DA:101,0
DA:102,0
DA:104,0
DA:105,0
DA:108,0
DA:115,1
DA:116,1
DA:117,1
DA:121,0
DA:128,0
DA:129,0
DA:131,0
DA:138,1
DA:139,1
DA:140,0
DA:142,1
DA:150,0
DA:151,0
DA:152,0
DA:155,0
DA:169,0
DA:180,1
LF:58
LH:23
BRDA:17,0,0,1
BRDA:17,0,1,1
BRDA:25,1,0,8
BRDA:25,1,1,0
BRDA:25,2,0,8
BRDA:25,2,1,0
BRDA:49,3,0,1
BRDA:49,3,1,0
BRDA:49,4,0,1
BRDA:49,4,1,0
BRDA:69,5,0,6
BRDA:92,6,0,2
BRDA:92,6,1,0
BRDA:104,7,0,0
BRDA:104,7,1,0
BRDA:116,8,0,1
BRDA:116,8,1,0
BRDA:151,9,0,0
BRDA:151,9,1,0
BRF:19
BRH:9
end_of_record
